<?xml version="1.0" encoding="utf-8"?><testsuites name="pytest tests"><testsuite name="pytest" errors="0" failures="1" skipped="0" tests="20" time="5.337" timestamp="2026-02-22T20:26:40.599672+00:00" hostname="agent-env-c15459cd-61ea-4004-9d02-caebc6b8323d"><testcase classname="backend.tests.test_ubukwe.TestAuth" name="test_staff_login_success" time="0.605" /><testcase classname="backend.tests.test_ubukwe.TestAuth" name="test_admin_login_triggers_mfa" time="0.347" /><testcase classname="backend.tests.test_ubukwe.TestAuth" name="test_admin_mfa_totp" time="0.502" /><testcase classname="backend.tests.test_ubukwe.TestAuth" name="test_admin_email_otp_flow" time="0.754" /><testcase classname="backend.tests.test_ubukwe.TestAuth" name="test_invalid_login" time="0.113" /><testcase classname="backend.tests.test_ubukwe.TestAuth" name="test_get_me" time="0.490" /><testcase classname="backend.tests.test_ubukwe.TestInventory" name="test_get_inventory_stats" time="0.117" /><testcase classname="backend.tests.test_ubukwe.TestInventory" name="test_list_inventory" time="0.111" /><testcase classname="backend.tests.test_ubukwe.TestInventory" name="test_inventory_requires_auth" time="0.134" /><testcase classname="backend.tests.test_ubukwe.TestInventory" name="test_create_inventory_item" time="0.103" /><testcase classname="backend.tests.test_ubukwe.TestEvents" name="test_get_events" time="0.156" /><testcase classname="backend.tests.test_ubukwe.TestEvents" name="test_create_event" time="0.155" /><testcase classname="backend.tests.test_ubukwe.TestStaff" name="test_get_staff" time="0.106" /><testcase classname="backend.tests.test_ubukwe.TestTransactions" name="test_get_transactions" time="0.104" /><testcase classname="backend.tests.test_ubukwe.TestTransactions" name="test_create_transaction" time="0.270"><failure message="AssertionError: Transaction failed: {&quot;detail&quot;:[{&quot;type&quot;:&quot;missing&quot;,&quot;loc&quot;:[&quot;body&quot;,&quot;type&quot;],&quot;msg&quot;:&quot;Field required&quot;,&quot;input&quot;:{&quot;item_id&quot;:&quot;0ab02a7f-124a-4c5b-9978-2bb0fa1f8cbc&quot;,&quot;transaction_type&quot;:&quot;rent&quot;,&quot;quantity&quot;:1,&quot;client_name&quot;:&quot;TEST_Client&quot;,&quot;notes&quot;:&quot;Test transaction&quot;},&quot;url&quot;:&quot;https://errors.pydantic.dev/2.12/v/missing&quot;}]}&#10;assert 422 in [200, 201]&#10; +  where 422 = &lt;Response [422]&gt;.status_code">backend/tests/test_ubukwe.py:201: in test_create_transaction
    assert resp.status_code in [200, 201], f"Transaction failed: {resp.text}"
E   AssertionError: Transaction failed: {"detail":[{"type":"missing","loc":["body","type"],"msg":"Field required","input":{"item_id":"0ab02a7f-124a-4c5b-9978-2bb0fa1f8cbc","transaction_type":"rent","quantity":1,"client_name":"TEST_Client","notes":"Test transaction"},"url":"https://errors.pydantic.dev/2.12/v/missing"}]}
E   assert 422 in [200, 201]
E    +  where 422 = &lt;Response [422]&gt;.status_code</failure></testcase><testcase classname="backend.tests.test_ubukwe.TestVendors" name="test_get_vendors" time="0.156" /><testcase classname="backend.tests.test_ubukwe.TestAdminRBAC" name="test_staff_cannot_access_audit_logs" time="0.138" /><testcase classname="backend.tests.test_ubukwe.TestAdminRBAC" name="test_staff_cannot_access_admin_users" time="0.132" /><testcase classname="backend.tests.test_ubukwe.TestAdminRBAC" name="test_admin_can_access_audit_logs" time="0.592" /><testcase classname="backend.tests.test_ubukwe.TestAdminRBAC" name="test_admin_can_access_users" time="0.162" /></testsuite></testsuites>