<?xml version="1.0" encoding="utf-8"?><testsuites name="pytest tests"><testsuite name="pytest" errors="0" failures="0" skipped="0" tests="20" time="5.077" timestamp="2026-02-22T20:30:49.352399+00:00" hostname="agent-env-c15459cd-61ea-4004-9d02-caebc6b8323d"><testcase classname="backend.tests.test_ubukwe.TestAuth" name="test_staff_login_success" time="0.384" /><testcase classname="backend.tests.test_ubukwe.TestAuth" name="test_admin_login_triggers_mfa" time="0.343" /><testcase classname="backend.tests.test_ubukwe.TestAuth" name="test_admin_mfa_totp" time="0.569" /><testcase classname="backend.tests.test_ubukwe.TestAuth" name="test_admin_email_otp_flow" time="0.562" /><testcase classname="backend.tests.test_ubukwe.TestAuth" name="test_invalid_login" time="0.148" /><testcase classname="backend.tests.test_ubukwe.TestAuth" name="test_get_me" time="0.452" /><testcase classname="backend.tests.test_ubukwe.TestInventory" name="test_get_inventory_stats" time="0.110" /><testcase classname="backend.tests.test_ubukwe.TestInventory" name="test_list_inventory" time="0.156" /><testcase classname="backend.tests.test_ubukwe.TestInventory" name="test_inventory_requires_auth" time="0.122" /><testcase classname="backend.tests.test_ubukwe.TestInventory" name="test_create_inventory_item" time="0.200" /><testcase classname="backend.tests.test_ubukwe.TestEvents" name="test_get_events" time="0.116" /><testcase classname="backend.tests.test_ubukwe.TestEvents" name="test_create_event" time="0.120" /><testcase classname="backend.tests.test_ubukwe.TestStaff" name="test_get_staff" time="0.124" /><testcase classname="backend.tests.test_ubukwe.TestTransactions" name="test_get_transactions" time="0.107" /><testcase classname="backend.tests.test_ubukwe.TestTransactions" name="test_create_transaction" time="0.292" /><testcase classname="backend.tests.test_ubukwe.TestVendors" name="test_get_vendors" time="0.122" /><testcase classname="backend.tests.test_ubukwe.TestAdminRBAC" name="test_staff_cannot_access_audit_logs" time="0.199" /><testcase classname="backend.tests.test_ubukwe.TestAdminRBAC" name="test_staff_cannot_access_admin_users" time="0.112" /><testcase classname="backend.tests.test_ubukwe.TestAdminRBAC" name="test_admin_can_access_audit_logs" time="0.659" /><testcase classname="backend.tests.test_ubukwe.TestAdminRBAC" name="test_admin_can_access_users" time="0.114" /></testsuite></testsuites>